<?xml version="1.0" encoding="UTF-8"?>
<!-- Generated by org.testng.reporters.JUnitReportReporter -->
<testsuite hostname="DESKTOP-IJTKLTV" failures="0" tests="3" name="TestCases.TestCases" time="21.717" errors="0" timestamp="2021-10-25T21:38:24 IST" skipped="0">
  <testcase classname="TestCases.TestCases" name="TC3_ItemsaddtoCart" time="20.260"/>
  <testcase classname="TestCases.TestCases" name="TC1_Login" time="1.394"/>
  <testcase classname="TestCases.TestCases" name="TC2_Dashboard" time="0.063"/>
</testsuite> <!-- TestCases.TestCases -->
